Using pre-set license
Built from '2022.3/china_unity/release' branch; Version is '2022.3.17f1c1 (a01dafa986ec) revision 10493359'; Using compiler version '192829333'; Build Type 'Release'
OS: 'Windows 10  (10.0.19045) 64bit Professional' Language: 'zh' Physical Memory: 65210 MB
BatchMode: 1, IsHumanControllingUs: 0, StartBugReporterOnCrash: 0, Is64bit: 1, IsPro: 1

COMMAND LINE ARGUMENTS:
D:\Application\Unity\Hub\Editor\2022.3.17f1c1\Editor\Unity.exe
-adb2
-batchMode
-noUpm
-name
AssetImportWorker0
-projectPath
C:/Users/222/Desktop/Learning/My project
-logFile
Logs/AssetImportWorker0.log
-srvPort
56848
Successfully changed project path to: C:/Users/222/Desktop/Learning/My project
C:/Users/222/Desktop/Learning/My project
[UnityMemory] Configuration Parameters - Can be set up in boot.config
    "memorysetup-bucket-allocator-granularity=16"
    "memorysetup-bucket-allocator-bucket-count=8"
    "memorysetup-bucket-allocator-block-size=33554432"
    "memorysetup-bucket-allocator-block-count=8"
    "memorysetup-main-allocator-block-size=16777216"
    "memorysetup-thread-allocator-block-size=16777216"
    "memorysetup-gfx-main-allocator-block-size=16777216"
    "memorysetup-gfx-thread-allocator-block-size=16777216"
    "memorysetup-cache-allocator-block-size=4194304"
    "memorysetup-typetree-allocator-block-size=2097152"
    "memorysetup-profiler-bucket-allocator-granularity=16"
    "memorysetup-profiler-bucket-allocator-bucket-count=8"
    "memorysetup-profiler-bucket-allocator-block-size=33554432"
    "memorysetup-profiler-bucket-allocator-block-count=8"
    "memorysetup-profiler-allocator-block-size=16777216"
    "memorysetup-profiler-editor-allocator-block-size=1048576"
    "memorysetup-temp-allocator-size-main=16777216"
    "memorysetup-job-temp-allocator-block-size=2097152"
    "memorysetup-job-temp-allocator-block-size-background=1048576"
    "memorysetup-job-temp-allocator-reduction-small-platforms=262144"
    "memorysetup-allocator-temp-initial-block-size-main=262144"
    "memorysetup-allocator-temp-initial-block-size-worker=262144"
    "memorysetup-temp-allocator-size-background-worker=32768"
    "memorysetup-temp-allocator-size-job-worker=262144"
    "memorysetup-temp-allocator-size-preload-manager=33554432"
    "memorysetup-temp-allocator-size-nav-mesh-worker=65536"
    "memorysetup-temp-allocator-size-audio-worker=65536"
    "memorysetup-temp-allocator-size-cloud-worker=32768"
    "memorysetup-temp-allocator-size-gi-baking-worker=262144"
    "memorysetup-temp-allocator-size-gfx=262144"
Player connection [20512] Host "[IP] 10.46.18.139 [Port] 0 [Flags] 2 [Guid] 713990244 [EditorId] 713990244 [Version] 1048832 [Id] WindowsEditor(7,DESKTOP-NFHVJ42) [Debug] 1 [PackageName] WindowsEditor [ProjectName] Editor" joined multi-casting on [225.0.0.222:54997]...

Player connection [20512] Host "[IP] 10.46.18.139 [Port] 0 [Flags] 2 [Guid] 713990244 [EditorId] 713990244 [Version] 1048832 [Id] WindowsEditor(7,DESKTOP-NFHVJ42) [Debug] 1 [PackageName] WindowsEditor [ProjectName] Editor" joined alternative multi-casting on [225.0.0.222:34997]...

[Physics::Module] Initialized MultithreadedJobDispatcher with 23 workers.
Refreshing native plugins compatible for Editor in 1170.73 ms, found 3 plugins.
Preloading 0 native plugins for Editor in 0.00 ms.
Initialize engine version: 2022.3.17f1c1 (a01dafa986ec)
[Subsystems] Discovering subsystems at path D:/Application/Unity/Hub/Editor/2022.3.17f1c1/Editor/Data/Resources/UnitySubsystems
[Subsystems] Discovering subsystems at path C:/Users/222/Desktop/Learning/My project/Assets
GfxDevice: creating device client; threaded=0; jobified=0
Direct3D:
    Version:  Direct3D 11.0 [level 11.1]
    Renderer: NVIDIA GeForce RTX 4070 Ti SUPER (ID=0x2705)
    Vendor:   NVIDIA
    VRAM:     16063 MB
    Driver:   31.0.15.5161
Initialize mono
Mono path[0] = 'D:/Application/Unity/Hub/Editor/2022.3.17f1c1/Editor/Data/Managed'
Mono path[1] = 'D:/Application/Unity/Hub/Editor/2022.3.17f1c1/Editor/Data/MonoBleedingEdge/lib/mono/unityjit-win32'
Mono config path = 'D:/Application/Unity/Hub/Editor/2022.3.17f1c1/Editor/Data/MonoBleedingEdge/etc'
Using monoOptions --debugger-agent=transport=dt_socket,embedding=1,server=y,suspend=n,address=127.0.0.1:56652
Begin MonoManager ReloadAssembly
Registering precompiled unity dll's ...
Register platform support module: D:/Application/Unity/Hub/Editor/2022.3.17f1c1/Editor/Data/PlaybackEngines/WindowsStandaloneSupport/UnityEditor.WindowsStandalone.Extensions.dll
Registered in 0.103729 seconds.
- Loaded All Assemblies, in  1.660 seconds
Native extension for WindowsStandalone target not found
Mono: successfully reloaded assembly
- Finished resetting the current domain, in  0.322 seconds
Domain Reload Profiling: 1980ms
	BeginReloadAssembly (168ms)
		ExecutionOrderSort (0ms)
		DisableScriptedObjects (0ms)
		BackupInstance (0ms)
		ReleaseScriptingObjects (0ms)
		CreateAndSetChildDomain (1ms)
	RebuildCommonClasses (277ms)
	RebuildNativeTypeToScriptingClass (12ms)
	initialDomainReloadingComplete (488ms)
	LoadAllAssembliesAndSetupDomain (713ms)
		LoadAssemblies (143ms)
		RebuildTransferFunctionScriptingTraits (0ms)
		AnalyzeDomain (711ms)
			TypeCache.Refresh (709ms)
				TypeCache.ScanAssembly (541ms)
			ScanForSourceGeneratedMonoScriptInfo (0ms)
			ResolveRequiredComponents (1ms)
	FinalizeReload (322ms)
		ReleaseScriptCaches (0ms)
		RebuildScriptCaches (0ms)
		SetupLoadedEditorAssemblies (256ms)
			LogAssemblyErrors (0ms)
			InitializePlatformSupportModulesInManaged (9ms)
			SetLoadedEditorAssemblies (8ms)
			RefreshPlugins (0ms)
			BeforeProcessingInitializeOnLoad (3ms)
			ProcessInitializeOnLoadAttributes (178ms)
			ProcessInitializeOnLoadMethodAttributes (58ms)
			AfterProcessingInitializeOnLoad (0ms)
			EditorAssembliesLoaded (0ms)
		ExecutionOrderSort2 (0ms)
		AwakeInstancesAfterBackupRestoration (0ms)
========================================================================
Worker process is ready to serve import requests
Begin MonoManager ReloadAssembly
- Loaded All Assemblies, in  3.572 seconds
Refreshing native plugins compatible for Editor in 5.38 ms, found 3 plugins.
Native extension for WindowsStandalone target not found
Package Manager log level set to [2]
[Package Manager] Server::EnsureServerProcessIsRunning -- launch failed, reason: Unity was launched with the -noUpm command-line argument
[Package Manager] UpmClient::Send -- Unable to send message (not connected to UPM process).
[Package Manager] Cannot connect to Unity Package Manager local server
Mono: successfully reloaded assembly
- Finished resetting the current domain, in  0.634 seconds
Domain Reload Profiling: 2577ms
	BeginReloadAssembly (148ms)
		ExecutionOrderSort (0ms)
		DisableScriptedObjects (6ms)
		BackupInstance (0ms)
		ReleaseScriptingObjects (0ms)
		CreateAndSetChildDomain (21ms)
	RebuildCommonClasses (37ms)
	RebuildNativeTypeToScriptingClass (12ms)
	initialDomainReloadingComplete (47ms)
	LoadAllAssembliesAndSetupDomain (1699ms)
		LoadAssemblies (1319ms)
		RebuildTransferFunctionScriptingTraits (0ms)
		AnalyzeDomain (461ms)
			TypeCache.Refresh (439ms)
				TypeCache.ScanAssembly (394ms)
			ScanForSourceGeneratedMonoScriptInfo (16ms)
			ResolveRequiredComponents (4ms)
	FinalizeReload (634ms)
		ReleaseScriptCaches (0ms)
		RebuildScriptCaches (0ms)
		SetupLoadedEditorAssemblies (470ms)
			LogAssemblyErrors (0ms)
			InitializePlatformSupportModulesInManaged (6ms)
			SetLoadedEditorAssemblies (4ms)
			RefreshPlugins (0ms)
			BeforeProcessingInitializeOnLoad (64ms)
			ProcessInitializeOnLoadAttributes (362ms)
			ProcessInitializeOnLoadMethodAttributes (25ms)
			AfterProcessingInitializeOnLoad (8ms)
			EditorAssembliesLoaded (0ms)
		ExecutionOrderSort2 (0ms)
		AwakeInstancesAfterBackupRestoration (9ms)
Launched and connected shader compiler UnityShaderCompiler.exe after 0.06 seconds
Refreshing native plugins compatible for Editor in 6.47 ms, found 3 plugins.
Preloading 0 native plugins for Editor in 0.00 ms.
Unloading 3108 Unused Serialized files (Serialized files now loaded: 0)
Unloading 32 unused Assets / (57.1 KB). Loaded Objects now: 3581.
Memory consumption went from 133.9 MB to 133.9 MB.
Total: 3.335400 ms (FindLiveObjects: 0.437200 ms CreateObjectMapping: 0.124300 ms MarkObjects: 2.659200 ms  DeleteObjects: 0.113600 ms)

AssetImportParameters requested are different than current active one (requested -> active):
  custom:container-demuxer-ogg: 62fdf1f143b41e24485cea50d1cbac27 -> 
  custom:video-decoder-ogg-theora: a1e56fd34408186e4bbccfd4996cb3dc -> 
  custom:framework-win-MediaFoundation: 216162199b28c13a410421893ffa2e32 -> 
  custom:CustomObjectIndexerAttribute: 6d391050e5a25f67b0a2c618074f2cd9 -> 
  custom:container-demuxer-webm: 4f35f7cbe854078d1ac9338744f61a02 -> 
  custom:container-muxer-webm: aa71ff27fc2769a1b78a27578f13a17b -> 
  custom:video-decoder-webm-vp8: 9c59270c3fd7afecdb556c50c9e8de78 -> 
  custom:SearchIndexIgnoredProperties: e643bd26f0fe6173181afceb89e7c659 -> 
  custom:AudioImporter_EditorPlatform: d09bf68614088b80899f8185d706f6e7 -> 
  custom:video-encoder-webm-vp8: eb34c28f22e8b96e1ab97ce403110664 -> 
  custom:audio-decoder-ogg-vorbis: bf7c407c2cedff20999df2af8eb42d56 -> 
  custom:audio-encoder-webm-vorbis: bf7c407c2cedff20999df2af8eb42d56 -> 
========================================================================
Received Import Request.
  Time since last request: 630018.646388 seconds.
  path: Assets/ch8/AlphaTestMat.mat
  artifactKey: Guid(e1cf625b66d94394ea47defecd22be45) Importer(815301076,1909f56bfc062723c751e8b465ee728b)
Start importing Assets/ch8/AlphaTestMat.mat using Guid(e1cf625b66d94394ea47defecd22be45) Importer(815301076,1909f56bfc062723c751e8b465ee728b)  -> (artifact id: '2400ef9faef66fa47d3528786cd787e7') in 0.152883 seconds
Number of updated asset objects reloaded before import = 1
Number of asset objects unloaded after import = 2
========================================================================
Received Import Request.
  Time since last request: 32.539895 seconds.
  path: Assets/ch8/AlphaTestMat.mat
  artifactKey: Guid(e1cf625b66d94394ea47defecd22be45) Importer(815301076,1909f56bfc062723c751e8b465ee728b)
Start importing Assets/ch8/AlphaTestMat.mat using Guid(e1cf625b66d94394ea47defecd22be45) Importer(815301076,1909f56bfc062723c751e8b465ee728b)  -> (artifact id: '6913d66a7093d5cb997c6da21afc9caa') in 0.037430 seconds
Number of updated asset objects reloaded before import = 1
Number of asset objects unloaded after import = 2
========================================================================
Received Import Request.
  Time since last request: 47.195873 seconds.
  path: Assets/ch8/AlphaTestMat.mat
  artifactKey: Guid(e1cf625b66d94394ea47defecd22be45) Importer(815301076,1909f56bfc062723c751e8b465ee728b)
Start importing Assets/ch8/AlphaTestMat.mat using Guid(e1cf625b66d94394ea47defecd22be45) Importer(815301076,1909f56bfc062723c751e8b465ee728b)  -> (artifact id: '786a1e61f2d2663a5047a0188a1dc9d5') in 0.041209 seconds
Number of updated asset objects reloaded before import = 1
Number of asset objects unloaded after import = 2
========================================================================
Received Import Request.
  Time since last request: 1727.243092 seconds.
  path: Assets/ch8/AlphaTestMat.mat
  artifactKey: Guid(e1cf625b66d94394ea47defecd22be45) Importer(815301076,1909f56bfc062723c751e8b465ee728b)
Start importing Assets/ch8/AlphaTestMat.mat using Guid(e1cf625b66d94394ea47defecd22be45) Importer(815301076,1909f56bfc062723c751e8b465ee728b)  -> (artifact id: '230decc79ed268d0074dce7b549d78d5') in 0.053432 seconds
Number of updated asset objects reloaded before import = 1
Number of asset objects unloaded after import = 2
========================================================================
Received Import Request.
  Time since last request: 151.101692 seconds.
  path: Assets/ch8/AlphaTestMat.mat
  artifactKey: Guid(e1cf625b66d94394ea47defecd22be45) Importer(815301076,1909f56bfc062723c751e8b465ee728b)
Start importing Assets/ch8/AlphaTestMat.mat using Guid(e1cf625b66d94394ea47defecd22be45) Importer(815301076,1909f56bfc062723c751e8b465ee728b)  -> (artifact id: '4cb6e90f012f4f472240b8f69495fbc9') in 0.013469 seconds
Number of updated asset objects reloaded before import = 0
Number of asset objects unloaded after import = 2
========================================================================
Received Import Request.
  Time since last request: 1291.417666 seconds.
  path: Assets/ch8/AlphaTestMat.mat
  artifactKey: Guid(e1cf625b66d94394ea47defecd22be45) Importer(815301076,1909f56bfc062723c751e8b465ee728b)
Start importing Assets/ch8/AlphaTestMat.mat using Guid(e1cf625b66d94394ea47defecd22be45) Importer(815301076,1909f56bfc062723c751e8b465ee728b)  -> (artifact id: 'b96ca76a67dd5b373b2f8d3aa77af01f') in 0.048833 seconds
Number of updated asset objects reloaded before import = 1
Number of asset objects unloaded after import = 2
========================================================================
Received Import Request.
  Time since last request: 19.499692 seconds.
  path: Assets/ch8/AlphaBlend.shader
  artifactKey: Guid(febec6f23b12482468aee42b96282f6f) Importer(815301076,1909f56bfc062723c751e8b465ee728b)
Start importing Assets/ch8/AlphaBlend.shader using Guid(febec6f23b12482468aee42b96282f6f) Importer(815301076,1909f56bfc062723c751e8b465ee728b)  -> (artifact id: 'f1a56e6eed83cd69a8101e95a2bf5d87') in 0.000928 seconds
Number of updated asset objects reloaded before import = 1
Number of asset objects unloaded after import = 0
========================================================================
Received Import Request.
  Time since last request: 236.526891 seconds.
  path: Assets/ch8/Scene/Scene_8_4.unity
  artifactKey: Guid(ec5f729dd27d91b4689d1a6af3e2dc23) Importer(815301076,1909f56bfc062723c751e8b465ee728b)
Start importing Assets/ch8/Scene/Scene_8_4.unity using Guid(ec5f729dd27d91b4689d1a6af3e2dc23) Importer(815301076,1909f56bfc062723c751e8b465ee728b)  -> (artifact id: '541ac1427a17e6275a271d47ba484307') in 0.006170 seconds
Number of updated asset objects reloaded before import = 0
Number of asset objects unloaded after import = 0
========================================================================
Received Import Request.
  Time since last request: 15.343039 seconds.
  path: Assets/ch8/AlphaBlend.mat
  artifactKey: Guid(c7d0b6b1d527f1742ac207af870fe59b) Importer(815301076,1909f56bfc062723c751e8b465ee728b)
Start importing Assets/ch8/AlphaBlend.mat using Guid(c7d0b6b1d527f1742ac207af870fe59b) Importer(815301076,1909f56bfc062723c751e8b465ee728b)  -> (artifact id: '35ab267e4812c99ef7d95664840607d3') in 0.025432 seconds
Number of updated asset objects reloaded before import = 0
Number of asset objects unloaded after import = 1
========================================================================
Received Import Request.
  Time since last request: 13.055940 seconds.
  path: Assets/ch8/AlphaTest.shader
  artifactKey: Guid(5f6ac5fda32849c4bae961ae6106f19c) Importer(815301076,1909f56bfc062723c751e8b465ee728b)
Start importing Assets/ch8/AlphaTest.shader using Guid(5f6ac5fda32849c4bae961ae6106f19c) Importer(815301076,1909f56bfc062723c751e8b465ee728b)  -> (artifact id: 'b7eaa3deb80d1c1c154b3e63e62864a1') in 0.000872 seconds
Number of updated asset objects reloaded before import = 0
Number of asset objects unloaded after import = 0
========================================================================
Received Import Request.
  Time since last request: 15.219501 seconds.
  path: Assets/ch8/AlphaBlendMat.mat
  artifactKey: Guid(c7d0b6b1d527f1742ac207af870fe59b) Importer(815301076,1909f56bfc062723c751e8b465ee728b)
Start importing Assets/ch8/AlphaBlendMat.mat using Guid(c7d0b6b1d527f1742ac207af870fe59b) Importer(815301076,1909f56bfc062723c751e8b465ee728b)  -> (artifact id: 'f98d78fd02969f6fa448f1d975761772') in 0.038440 seconds
Number of updated asset objects reloaded before import = 0
Number of asset objects unloaded after import = 1
========================================================================
Received Import Request.
  Time since last request: 129.264091 seconds.
  path: Assets/ch8/AlphaBlend.shader
  artifactKey: Guid(febec6f23b12482468aee42b96282f6f) Importer(815301076,1909f56bfc062723c751e8b465ee728b)
Start importing Assets/ch8/AlphaBlend.shader using Guid(febec6f23b12482468aee42b96282f6f) Importer(815301076,1909f56bfc062723c751e8b465ee728b)  -> (artifact id: 'ba142f19d2c24d6f42413a15f423acd0') in 0.000942 seconds
Number of updated asset objects reloaded before import = 1
Number of asset objects unloaded after import = 0
========================================================================
Received Import Request.
  Time since last request: 2194.985387 seconds.
  path: Assets/ch8/Scene/Knot.FBX
  artifactKey: Guid(0e705f456cbf2544a9047ef1928bdaff) Importer(815301076,1909f56bfc062723c751e8b465ee728b)
Start importing Assets/ch8/Scene/Knot.FBX using Guid(0e705f456cbf2544a9047ef1928bdaff) Importer(815301076,1909f56bfc062723c751e8b465ee728b)  -> (artifact id: '56cdd566c6e1417e42783febcf9dc077') in 0.045677 seconds
Number of updated asset objects reloaded before import = 1
Number of asset objects unloaded after import = 7
========================================================================
Received Import Request.
  Time since last request: 9.692353 seconds.
  path: Assets/ch8/Scene/Scene_8_4.unity
  artifactKey: Guid(ec5f729dd27d91b4689d1a6af3e2dc23) Importer(815301076,1909f56bfc062723c751e8b465ee728b)
Start importing Assets/ch8/Scene/Scene_8_4.unity using Guid(ec5f729dd27d91b4689d1a6af3e2dc23) Importer(815301076,1909f56bfc062723c751e8b465ee728b)  -> (artifact id: '07bcfd47d3922a8232c20c01035ad89f') in 0.000885 seconds
Number of updated asset objects reloaded before import = 0
Number of asset objects unloaded after import = 0
========================================================================
Received Import Request.
  Time since last request: 12.803966 seconds.
  path: Assets/ch8/AlphaBlendMat.mat
  artifactKey: Guid(c7d0b6b1d527f1742ac207af870fe59b) Importer(815301076,1909f56bfc062723c751e8b465ee728b)
Start importing Assets/ch8/AlphaBlendMat.mat using Guid(c7d0b6b1d527f1742ac207af870fe59b) Importer(815301076,1909f56bfc062723c751e8b465ee728b)  -> (artifact id: '3d79cf9573678f69a80bc2dd0dc49567') in 0.056788 seconds
Number of updated asset objects reloaded before import = 0
Number of asset objects unloaded after import = 2
========================================================================
Received Import Request.
  Time since last request: 75.872697 seconds.
  path: Assets/ch8/Scene/Scene_8_6_3.unity
  artifactKey: Guid(8b7ec83bdda4c4b47908f2e43a4ad9ae) Importer(815301076,1909f56bfc062723c751e8b465ee728b)
Start importing Assets/ch8/Scene/Scene_8_6_3.unity using Guid(8b7ec83bdda4c4b47908f2e43a4ad9ae) Importer(815301076,1909f56bfc062723c751e8b465ee728b)  -> (artifact id: '03fcda73a51de049a0bbbda99ade8dc6') in 0.006407 seconds
Number of updated asset objects reloaded before import = 0
Number of asset objects unloaded after import = 0
========================================================================
Received Import Request.
  Time since last request: 344.234514 seconds.
  path: Assets/ch8/AlphaBlend.shader
  artifactKey: Guid(febec6f23b12482468aee42b96282f6f) Importer(815301076,1909f56bfc062723c751e8b465ee728b)
Start importing Assets/ch8/AlphaBlend.shader using Guid(febec6f23b12482468aee42b96282f6f) Importer(815301076,1909f56bfc062723c751e8b465ee728b)  -> (artifact id: 'b4331430bae3ee50f8110b6238087046') in 0.000997 seconds
Number of updated asset objects reloaded before import = 0
Number of asset objects unloaded after import = 0
========================================================================
Received Import Request.
  Time since last request: 1.164373 seconds.
  path: Assets/ch8/AlphaBlend 1.shader
  artifactKey: Guid(ceb37874419de3e4ba42c25ccff50d61) Importer(815301076,1909f56bfc062723c751e8b465ee728b)
Start importing Assets/ch8/AlphaBlend 1.shader using Guid(ceb37874419de3e4ba42c25ccff50d61) Importer(815301076,1909f56bfc062723c751e8b465ee728b)  -> (artifact id: 'e8b9b705aa1bd0decae67f1d660ac651') in 0.001606 seconds
Number of updated asset objects reloaded before import = 0
Number of asset objects unloaded after import = 1
========================================================================
Received Import Request.
  Time since last request: 19.371078 seconds.
  path: Assets/ch8/AlphaBlendZWrite.shader
  artifactKey: Guid(ceb37874419de3e4ba42c25ccff50d61) Importer(815301076,1909f56bfc062723c751e8b465ee728b)
Start importing Assets/ch8/AlphaBlendZWrite.shader using Guid(ceb37874419de3e4ba42c25ccff50d61) Importer(815301076,1909f56bfc062723c751e8b465ee728b)  -> (artifact id: 'c647c3d0e39e9596ec801557a3bf39a1') in 0.001576 seconds
Number of updated asset objects reloaded before import = 0
Number of asset objects unloaded after import = 1
========================================================================
Received Import Request.
  Time since last request: 17.775893 seconds.
  path: Assets/ch8/AlphaBlendZWrite.mat
  artifactKey: Guid(2997b6888fa879e4cacf6ba11d559b52) Importer(815301076,1909f56bfc062723c751e8b465ee728b)
Start importing Assets/ch8/AlphaBlendZWrite.mat using Guid(2997b6888fa879e4cacf6ba11d559b52) Importer(815301076,1909f56bfc062723c751e8b465ee728b)  -> (artifact id: '151280564c19feb85b306f58155f2a1c') in 0.013578 seconds
Number of updated asset objects reloaded before import = 0
Number of asset objects unloaded after import = 1
========================================================================
Received Import Request.
  Time since last request: 5.082469 seconds.
  path: Assets/ch8/AlphaBlendZWriteMat.mat
  artifactKey: Guid(2997b6888fa879e4cacf6ba11d559b52) Importer(815301076,1909f56bfc062723c751e8b465ee728b)
Start importing Assets/ch8/AlphaBlendZWriteMat.mat using Guid(2997b6888fa879e4cacf6ba11d559b52) Importer(815301076,1909f56bfc062723c751e8b465ee728b)  -> (artifact id: '614fa3d0f338dbbf39ca72be5f08f832') in 0.013630 seconds
Number of updated asset objects reloaded before import = 0
Number of asset objects unloaded after import = 1
========================================================================
Received Import Request.
  Time since last request: 7.217685 seconds.
  path: Assets/ch8/AlphaBlendZWriteMat.mat
  artifactKey: Guid(2997b6888fa879e4cacf6ba11d559b52) Importer(815301076,1909f56bfc062723c751e8b465ee728b)
Start importing Assets/ch8/AlphaBlendZWriteMat.mat using Guid(2997b6888fa879e4cacf6ba11d559b52) Importer(815301076,1909f56bfc062723c751e8b465ee728b)  -> (artifact id: 'd3e88173343b50aa62f04222b51b0f6e') in 0.038878 seconds
Number of updated asset objects reloaded before import = 0
Number of asset objects unloaded after import = 3
========================================================================
Received Import Request.
  Time since last request: 102.688948 seconds.
  path: Assets/ch8/AlphaBlendZWriteMat.mat
  artifactKey: Guid(2997b6888fa879e4cacf6ba11d559b52) Importer(815301076,1909f56bfc062723c751e8b465ee728b)
Start importing Assets/ch8/AlphaBlendZWriteMat.mat using Guid(2997b6888fa879e4cacf6ba11d559b52) Importer(815301076,1909f56bfc062723c751e8b465ee728b)  -> (artifact id: 'fc740f982b3b7f36b88faad7252a73f4') in 0.079022 seconds
Number of updated asset objects reloaded before import = 0
Number of asset objects unloaded after import = 3
========================================================================
Received Import Request.
  Time since last request: 446.911685 seconds.
  path: Assets/ch8/Scene/Scene_8_3.unity
  artifactKey: Guid(7341daf124e2eb04eb127aed694434a5) Importer(815301076,1909f56bfc062723c751e8b465ee728b)
Start importing Assets/ch8/Scene/Scene_8_3.unity using Guid(7341daf124e2eb04eb127aed694434a5) Importer(815301076,1909f56bfc062723c751e8b465ee728b)  -> (artifact id: 'b161e5678f5f0fc61bc0b79e39244015') in 0.008353 seconds
Number of updated asset objects reloaded before import = 0
Number of asset objects unloaded after import = 0
